<?xml version="1.0" encoding="UTF-8"?>
<testsuite xmlns:xsi="http://www.w3.org/2001/XMLSchema-instance" xsi:noNamespaceSchemaLocation="https://maven.apache.org/surefire/maven-surefire-plugin/xsd/surefire-test-report-3.0.xsd" version="3.0" name="com.example.controller.UsuarioControllerTest" time="5.886" tests="21" errors="0" skipped="0" failures="0">
  <properties>
[...]
</properties>
  <testcase name="testEliminarUsuario_UserNotFound" classname="com.example.controller.UsuarioControllerTest" time="4.608">
    <system-out><![CDATA[22:55:38.876 [main] INFO org.hibernate.validator.internal.util.Version -- HV000001: Hibernate Validator 8.0.1.Final
22:55:40.254 [main] INFO org.springframework.mock.web.MockServletContext -- Initializing Spring TestDispatcherServlet ''
22:55:40.254 [main] INFO org.springframework.test.web.servlet.TestDispatcherServlet -- Initializing Servlet ''
22:55:40.270 [main] INFO org.springframework.test.web.servlet.TestDispatcherServlet -- Completed initialization in 0 ms
]]></system-out>
  </testcase>
  <testcase name="testCrearUsuario_Exception" classname="com.example.controller.UsuarioControllerTest" time="0.295">
    <system-out><![CDATA[22:55:40.645 [main] INFO org.springframework.mock.web.MockServletContext -- Initializing Spring TestDispatcherServlet ''
22:55:40.645 [main] INFO org.springframework.test.web.servlet.TestDispatcherServlet -- Initializing Servlet ''
22:55:40.645 [main] INFO org.springframework.test.web.servlet.TestDispatcherServlet -- Completed initialization in 0 ms
]]></system-out>
  </testcase>
  <testcase name="testGetAllUsuarios" classname="com.example.controller.UsuarioControllerTest" time="0.032">
    <system-out><![CDATA[22:55:40.941 [main] INFO org.springframework.mock.web.MockServletContext -- Initializing Spring TestDispatcherServlet ''
22:55:40.941 [main] INFO org.springframework.test.web.servlet.TestDispatcherServlet -- Initializing Servlet ''
22:55:40.941 [main] INFO org.springframework.test.web.servlet.TestDispatcherServlet -- Completed initialization in 0 ms
]]></system-out>
  </testcase>
  <testcase name="testActualizarRol_Exception" classname="com.example.controller.UsuarioControllerTest" time="0.04">
    <system-out><![CDATA[22:55:40.972 [main] INFO org.springframework.mock.web.MockServletContext -- Initializing Spring TestDispatcherServlet ''
22:55:40.972 [main] INFO org.springframework.test.web.servlet.TestDispatcherServlet -- Initializing Servlet ''
22:55:40.972 [main] INFO org.springframework.test.web.servlet.TestDispatcherServlet -- Completed initialization in 0 ms
]]></system-out>
  </testcase>
  <testcase name="testActualizarUsuario_Exception" classname="com.example.controller.UsuarioControllerTest" time="0.155">
    <system-out><![CDATA[22:55:41.018 [main] INFO org.springframework.mock.web.MockServletContext -- Initializing Spring TestDispatcherServlet ''
22:55:41.018 [main] INFO org.springframework.test.web.servlet.TestDispatcherServlet -- Initializing Servlet ''
22:55:41.018 [main] INFO org.springframework.test.web.servlet.TestDispatcherServlet -- Completed initialization in 0 ms
]]></system-out>
  </testcase>
  <testcase name="testCrearUsuario_BadRequestMalformedJson" classname="com.example.controller.UsuarioControllerTest" time="0.024">
    <system-out><![CDATA[22:55:41.163 [main] INFO org.springframework.mock.web.MockServletContext -- Initializing Spring TestDispatcherServlet ''
22:55:41.163 [main] INFO org.springframework.test.web.servlet.TestDispatcherServlet -- Initializing Servlet ''
22:55:41.163 [main] INFO org.springframework.test.web.servlet.TestDispatcherServlet -- Completed initialization in 0 ms
22:55:41.179 [main] WARN org.springframework.web.servlet.mvc.support.DefaultHandlerExceptionResolver -- Resolved [org.springframework.http.converter.HttpMessageNotReadableException: JSON parse error: Unexpected character ('c' (code 99)): was expecting double-quote to start field name]
]]></system-out>
  </testcase>
  <testcase name="testActualizarUsuario_NotFound" classname="com.example.controller.UsuarioControllerTest" time="0.029">
    <system-out><![CDATA[22:55:41.201 [main] INFO org.springframework.mock.web.MockServletContext -- Initializing Spring TestDispatcherServlet ''
22:55:41.201 [main] INFO org.springframework.test.web.servlet.TestDispatcherServlet -- Initializing Servlet ''
22:55:41.202 [main] INFO org.springframework.test.web.servlet.TestDispatcherServlet -- Completed initialization in 1 ms
]]></system-out>
  </testcase>
  <testcase name="testCrearUsuario_Success" classname="com.example.controller.UsuarioControllerTest" time="0.041">
    <system-out><![CDATA[22:55:41.214 [main] INFO org.springframework.mock.web.MockServletContext -- Initializing Spring TestDispatcherServlet ''
22:55:41.214 [main] INFO org.springframework.test.web.servlet.TestDispatcherServlet -- Initializing Servlet ''
22:55:41.214 [main] INFO org.springframework.test.web.servlet.TestDispatcherServlet -- Completed initialization in 0 ms
]]></system-out>
  </testcase>
  <testcase name="testLogin_Failure" classname="com.example.controller.UsuarioControllerTest" time="0.017">
    <system-out><![CDATA[22:55:41.267 [main] INFO org.springframework.mock.web.MockServletContext -- Initializing Spring TestDispatcherServlet ''
22:55:41.267 [main] INFO org.springframework.test.web.servlet.TestDispatcherServlet -- Initializing Servlet ''
22:55:41.267 [main] INFO org.springframework.test.web.servlet.TestDispatcherServlet -- Completed initialization in 0 ms
]]></system-out>
  </testcase>
  <testcase name="testLogin_IncorrectPassword" classname="com.example.controller.UsuarioControllerTest" time="0.037">
    <system-out><![CDATA[22:55:41.299 [main] INFO org.springframework.mock.web.MockServletContext -- Initializing Spring TestDispatcherServlet ''
22:55:41.299 [main] INFO org.springframework.test.web.servlet.TestDispatcherServlet -- Initializing Servlet ''
22:55:41.304 [main] INFO org.springframework.test.web.servlet.TestDispatcherServlet -- Completed initialization in 5 ms
]]></system-out>
  </testcase>
  <testcase name="testActualizarRol_Success" classname="com.example.controller.UsuarioControllerTest" time="0.031">
    <system-out><![CDATA[22:55:41.334 [main] INFO org.springframework.mock.web.MockServletContext -- Initializing Spring TestDispatcherServlet ''
22:55:41.335 [main] INFO org.springframework.test.web.servlet.TestDispatcherServlet -- Initializing Servlet ''
22:55:41.335 [main] INFO org.springframework.test.web.servlet.TestDispatcherServlet -- Completed initialization in 0 ms
]]></system-out>
  </testcase>
  <testcase name="testEliminarUsuario_Success" classname="com.example.controller.UsuarioControllerTest" time="0.034">
    <system-out><![CDATA[22:55:41.366 [main] INFO org.springframework.mock.web.MockServletContext -- Initializing Spring TestDispatcherServlet ''
22:55:41.366 [main] INFO org.springframework.test.web.servlet.TestDispatcherServlet -- Initializing Servlet ''
22:55:41.366 [main] INFO org.springframework.test.web.servlet.TestDispatcherServlet -- Completed initialization in 0 ms
]]></system-out>
  </testcase>
  <testcase name="testCrearUsuario_MissingFields" classname="com.example.controller.UsuarioControllerTest" time="0.12">
    <system-out><![CDATA[22:55:41.411 [main] INFO org.springframework.mock.web.MockServletContext -- Initializing Spring TestDispatcherServlet ''
22:55:41.411 [main] INFO org.springframework.test.web.servlet.TestDispatcherServlet -- Initializing Servlet ''
22:55:41.411 [main] INFO org.springframework.test.web.servlet.TestDispatcherServlet -- Completed initialization in 0 ms
22:55:41.504 [main] WARN org.springframework.web.servlet.mvc.support.DefaultHandlerExceptionResolver -- Resolved [org.springframework.web.bind.MethodArgumentNotValidException: Validation failed for argument [0] in public org.springframework.http.ResponseEntity<com.example.model.Response> com.example.controller.UsuarioController.crearUsuario(com.example.model.Usuario) with 10 errors: [Field error in object 'usuario' on field 'rol': rejected value []; codes [Pattern.usuario.rol,Pattern.rol,Pattern.java.lang.String,Pattern]; arguments [org.springframework.context.support.DefaultMessageSourceResolvable: codes [usuario.rol,rol]; arguments []; default message [rol],[Ljakarta.validation.constraints.Pattern$Flag;@4fd8aefe,^(admin|cliente)$]; default message [El rol debe ser 'admin' o 'cliente'.]] [Field error in object 'usuario' on field 'nombre': rejected value []; codes [Size.usuario.nombre,Size.nombre,Size.java.lang.String,Size]; arguments [org.springframework.context.support.DefaultMessageSourceResolvable: codes [usuario.nombre,nombre]; arguments []; default message [nombre],2147483647,5]; default message [El nombre debe tener al menos 5 caracteres.]] [Field error in object 'usuario' on field 'nombre': rejected value []; codes [NotBlank.usuario.nombre,NotBlank.nombre,NotBlank.java.lang.String,NotBlank]; arguments [org.springframework.context.support.DefaultMessageSourceResolvable: codes [usuario.nombre,nombre]; arguments []; default message [nombre]]; default message [El nombre es obligatorio.]] [Field error in object 'usuario' on field 'rol': rejected value []; codes [NotBlank.usuario.rol,NotBlank.rol,NotBlank.java.lang.String,NotBlank]; arguments [org.springframework.context.support.DefaultMessageSourceResolvable: codes [usuario.rol,rol]; arguments []; default message [rol]]; default message [El rol es obligatorio.]] [Field error in object 'usuario' on field 'telefono': rejected value []; codes [Pattern.usuario.telefono,Pattern.telefono,Pattern.java.lang.String,Pattern]; arguments [org.springframework.context.support.DefaultMessageSourceResolvable: codes [usuario.telefono,telefono]; arguments []; default message [telefono],[Ljakarta.validation.constraints.Pattern$Flag;@4fd8aefe,\d{9,}]; default message [El teléfono debe contener solo números y tener al menos 9 dígitos.]] [Field error in object 'usuario' on field 'contrasena': rejected value []; codes [NotBlank.usuario.contrasena,NotBlank.contrasena,NotBlank.java.lang.String,NotBlank]; arguments [org.springframework.context.support.DefaultMessageSourceResolvable: codes [usuario.contrasena,contrasena]; arguments []; default message [contrasena]]; default message [La contraseña es obligatoria.]] [Field error in object 'usuario' on field 'apellido': rejected value []; codes [Size.usuario.apellido,Size.apellido,Size.java.lang.String,Size]; arguments [org.springframework.context.support.DefaultMessageSourceResolvable: codes [usuario.apellido,apellido]; arguments []; default message [apellido],2147483647,5]; default message [El apellido debe tener al menos 5 caracteres.]] [Field error in object 'usuario' on field 'direccion': rejected value []; codes [Size.usuario.direccion,Size.direccion,Size.java.lang.String,Size]; arguments [org.springframework.context.support.DefaultMessageSourceResolvable: codes [usuario.direccion,direccion]; arguments []; default message [direccion],2147483647,15]; default message [La dirección debe tener al menos 15 caracteres.]] [Field error in object 'usuario' on field 'correo': rejected value []; codes [NotBlank.usuario.correo,NotBlank.correo,NotBlank.java.lang.String,NotBlank]; arguments [org.springframework.context.support.DefaultMessageSourceResolvable: codes [usuario.correo,correo]; arguments []; default message [correo]]; default message [El correo es obligatorio.]] [Field error in object 'usuario' on field 'apellido': rejected value []; codes [NotBlank.usuario.apellido,NotBlank.apellido,NotBlank.java.lang.String,NotBlank]; arguments [org.springframework.context.support.DefaultMessageSourceResolvable: codes [usuario.apellido,apellido]; arguments []; default message [apellido]]; default message [El apellido es obligatorio.]] ]
]]></system-out>
  </testcase>
  <testcase name="testActualizarUsuario_ValidationError" classname="com.example.controller.UsuarioControllerTest" time="0.055">
    <system-out><![CDATA[22:55:41.541 [main] INFO org.springframework.mock.web.MockServletContext -- Initializing Spring TestDispatcherServlet ''
22:55:41.541 [main] INFO org.springframework.test.web.servlet.TestDispatcherServlet -- Initializing Servlet ''
22:55:41.541 [main] INFO org.springframework.test.web.servlet.TestDispatcherServlet -- Completed initialization in 0 ms
]]></system-out>
  </testcase>
  <testcase name="testGetAllUsuarios_WithResults" classname="com.example.controller.UsuarioControllerTest" time="0.032">
    <system-out><![CDATA[22:55:41.566 [main] INFO org.springframework.mock.web.MockServletContext -- Initializing Spring TestDispatcherServlet ''
22:55:41.566 [main] INFO org.springframework.test.web.servlet.TestDispatcherServlet -- Initializing Servlet ''
22:55:41.566 [main] INFO org.springframework.test.web.servlet.TestDispatcherServlet -- Completed initialization in 0 ms
]]></system-out>
  </testcase>
  <testcase name="testEliminarUsuario_Exception" classname="com.example.controller.UsuarioControllerTest" time="0.039">
    <system-out><![CDATA[22:55:41.619 [main] INFO org.springframework.mock.web.MockServletContext -- Initializing Spring TestDispatcherServlet ''
22:55:41.619 [main] INFO org.springframework.test.web.servlet.TestDispatcherServlet -- Initializing Servlet ''
22:55:41.619 [main] INFO org.springframework.test.web.servlet.TestDispatcherServlet -- Completed initialization in 0 ms
]]></system-out>
  </testcase>
  <testcase name="testGetAllUsuarios_EmptyList" classname="com.example.controller.UsuarioControllerTest" time="0.034">
    <system-out><![CDATA[22:55:41.652 [main] INFO org.springframework.mock.web.MockServletContext -- Initializing Spring TestDispatcherServlet ''
22:55:41.652 [main] INFO org.springframework.test.web.servlet.TestDispatcherServlet -- Initializing Servlet ''
22:55:41.652 [main] INFO org.springframework.test.web.servlet.TestDispatcherServlet -- Completed initialization in 0 ms
]]></system-out>
  </testcase>
  <testcase name="testActualizarRol_InvalidRole" classname="com.example.controller.UsuarioControllerTest" time="0.049">
    <system-out><![CDATA[22:55:41.698 [main] INFO org.springframework.mock.web.MockServletContext -- Initializing Spring TestDispatcherServlet ''
22:55:41.699 [main] INFO org.springframework.test.web.servlet.TestDispatcherServlet -- Initializing Servlet ''
22:55:41.700 [main] INFO org.springframework.test.web.servlet.TestDispatcherServlet -- Completed initialization in 0 ms
]]></system-out>
  </testcase>
  <testcase name="testLogin_Exception" classname="com.example.controller.UsuarioControllerTest" time="0.036">
    <system-out><![CDATA[22:55:41.742 [main] INFO org.springframework.mock.web.MockServletContext -- Initializing Spring TestDispatcherServlet ''
22:55:41.742 [main] INFO org.springframework.test.web.servlet.TestDispatcherServlet -- Initializing Servlet ''
22:55:41.742 [main] INFO org.springframework.test.web.servlet.TestDispatcherServlet -- Completed initialization in 0 ms
]]></system-out>
  </testcase>
  <testcase name="testCrearUsuario_InvalidJson" classname="com.example.controller.UsuarioControllerTest" time="0.064">
    <system-out><![CDATA[22:55:41.789 [main] INFO org.springframework.mock.web.MockServletContext -- Initializing Spring TestDispatcherServlet ''
22:55:41.789 [main] INFO org.springframework.test.web.servlet.TestDispatcherServlet -- Initializing Servlet ''
22:55:41.789 [main] INFO org.springframework.test.web.servlet.TestDispatcherServlet -- Completed initialization in 0 ms
22:55:41.815 [main] WARN org.springframework.web.servlet.mvc.support.DefaultHandlerExceptionResolver -- Resolved [org.springframework.web.bind.MethodArgumentNotValidException: Validation failed for argument [0] in public org.springframework.http.ResponseEntity<com.example.model.Response> com.example.controller.UsuarioController.crearUsuario(com.example.model.Usuario) with 5 errors: [Field error in object 'usuario' on field 'contrasena': rejected value [null]; codes [NotBlank.usuario.contrasena,NotBlank.contrasena,NotBlank.java.lang.String,NotBlank]; arguments [org.springframework.context.support.DefaultMessageSourceResolvable: codes [usuario.contrasena,contrasena]; arguments []; default message [contrasena]]; default message [La contraseña es obligatoria.]] [Field error in object 'usuario' on field 'rol': rejected value [null]; codes [NotBlank.usuario.rol,NotBlank.rol,NotBlank.java.lang.String,NotBlank]; arguments [org.springframework.context.support.DefaultMessageSourceResolvable: codes [usuario.rol,rol]; arguments []; default message [rol]]; default message [El rol es obligatorio.]] [Field error in object 'usuario' on field 'correo': rejected value [null]; codes [NotBlank.usuario.correo,NotBlank.correo,NotBlank.java.lang.String,NotBlank]; arguments [org.springframework.context.support.DefaultMessageSourceResolvable: codes [usuario.correo,correo]; arguments []; default message [correo]]; default message [El correo es obligatorio.]] [Field error in object 'usuario' on field 'apellido': rejected value [null]; codes [NotBlank.usuario.apellido,NotBlank.apellido,NotBlank.java.lang.String,NotBlank]; arguments [org.springframework.context.support.DefaultMessageSourceResolvable: codes [usuario.apellido,apellido]; arguments []; default message [apellido]]; default message [El apellido es obligatorio.]] [Field error in object 'usuario' on field 'nombre': rejected value [null]; codes [NotBlank.usuario.nombre,NotBlank.nombre,NotBlank.java.lang.String,NotBlank]; arguments [org.springframework.context.support.DefaultMessageSourceResolvable: codes [usuario.nombre,nombre]; arguments []; default message [nombre]]; default message [El nombre es obligatorio.]] ]
]]></system-out>
  </testcase>
  <testcase name="testActualizarUsuario_Success" classname="com.example.controller.UsuarioControllerTest" time="0.034">
    <system-out><![CDATA[22:55:41.831 [main] INFO org.springframework.mock.web.MockServletContext -- Initializing Spring TestDispatcherServlet ''
22:55:41.831 [main] INFO org.springframework.test.web.servlet.TestDispatcherServlet -- Initializing Servlet ''
22:55:41.831 [main] INFO org.springframework.test.web.servlet.TestDispatcherServlet -- Completed initialization in 0 ms
]]></system-out>
  </testcase>
</testsuite>